z:\gtamodsworkspace\aaaaaaa\imguibase-main\imguibase-main\imgui base v3 with ui\x64\release\vc143.pdb
z:\gtamodsworkspace\aaaaaaa\imguibase-main\imguibase-main\imgui base v3 with ui\x64\release\source.obj
z:\gtamodsworkspace\aaaaaaa\imguibase-main\imguibase-main\imgui base v3 with ui\x64\release\renderer.obj
z:\gtamodsworkspace\aaaaaaa\imguibase-main\imguibase-main\imgui base v3 with ui\x64\release\imgui_widgets.obj
z:\gtamodsworkspace\aaaaaaa\imguibase-main\imguibase-main\imgui base v3 with ui\x64\release\imgui_tables.obj
z:\gtamodsworkspace\aaaaaaa\imguibase-main\imguibase-main\imgui base v3 with ui\x64\release\imgui_impl_win32.obj
z:\gtamodsworkspace\aaaaaaa\imguibase-main\imguibase-main\imgui base v3 with ui\x64\release\imgui_impl_dx11.obj
z:\gtamodsworkspace\aaaaaaa\imguibase-main\imguibase-main\imgui base v3 with ui\x64\release\imgui_draw.obj
z:\gtamodsworkspace\aaaaaaa\imguibase-main\imguibase-main\imgui base v3 with ui\x64\release\imgui_demo.obj
z:\gtamodsworkspace\aaaaaaa\imguibase-main\imguibase-main\imgui base v3 with ui\x64\release\imgui.obj
z:\gtamodsworkspace\aaaaaaa\imguibase-main\imguibase-main\imgui base v3 with ui\x64\release\imgui base v3.ipdb
z:\gtamodsworkspace\aaaaaaa\imguibase-main\imguibase-main\imgui base v3 with ui\x64\release\imgui base v3.iobj
z:\gtamodsworkspace\aaaaaaa\imguibase-main\imguibase-main\imgui base v3 with ui\x64\release\imgui base v3.exe
z:\gtamodsworkspace\aaaaaaa\imguibase-main\imguibase-main\imgui base v3 with ui\x64\release\imgui base v3.pdb
z:\gtamodsworkspace\aaaaaaa\imguibase-main\imguibase-main\imgui base v3 with ui\x64\release\imgui base v3.tlog\cl.command.1.tlog
z:\gtamodsworkspace\aaaaaaa\imguibase-main\imguibase-main\imgui base v3 with ui\x64\release\imgui base v3.tlog\cl.read.1.tlog
z:\gtamodsworkspace\aaaaaaa\imguibase-main\imguibase-main\imgui base v3 with ui\x64\release\imgui base v3.tlog\cl.write.1.tlog
z:\gtamodsworkspace\aaaaaaa\imguibase-main\imguibase-main\imgui base v3 with ui\x64\release\imgui base v3.tlog\imgui base v3.write.1u.tlog
z:\gtamodsworkspace\aaaaaaa\imguibase-main\imguibase-main\imgui base v3 with ui\x64\release\imgui base v3.tlog\link.command.1.tlog
z:\gtamodsworkspace\aaaaaaa\imguibase-main\imguibase-main\imgui base v3 with ui\x64\release\imgui base v3.tlog\link.read.1.tlog
z:\gtamodsworkspace\aaaaaaa\imguibase-main\imguibase-main\imgui base v3 with ui\x64\release\imgui base v3.tlog\link.write.1.tlog
